#
# A fatal error has been detected by the Java Runtime Environment:
#
#  EXCEPTION_ACCESS_VIOLATION (0xc0000005) at pc=0x0000000002e36002, pid=4480, tid=0x0000000000000c1c
#
# JRE version: Java(TM) SE Runtime Environment (8.0_111-b14) (build 1.8.0_111-b14)
# Java VM: Java HotSpot(TM) 64-Bit Server VM (25.111-b14 mixed mode windows-amd64 compressed oops)
# Problematic frame:
# J 1940 C1 sun.java2d.loops.GraphicsPrimitive.makeUniqueID(ILsun/java2d/loops/SurfaceType;Lsun/java2d/loops/CompositeType;Lsun/java2d/loops/SurfaceType;)I (26 bytes) @ 0x0000000002e36002 [0x0000000002e35f00+0x102]
#
# Failed to write core dump. Minidumps are not enabled by default on client versions of Windows
#
# If you would like to submit a bug report, please visit:
#   http://bugreport.java.com/bugreport/crash.jsp
#

---------------  T H R E A D  ---------------

Current thread (0x0000000059054000):  JavaThread "Thread-3" [_thread_in_Java, id=3100, stack(0x0000000059bf0000,0x0000000059cf0000)]

siginfo: ExceptionCode=0xc0000005, reading address 0xffffffffffffffff

Registers:
RAX=0x000000005fdec5d8, RBX=0x0000000059cec350, RCX=0x0000000000000001, RDX=0x000000005545813b
RSP=0x0000000059cec320, RBP=0x0000000059cec3f8, RSI=0x0000000000000008, RDI=0x09000064f6184f63
R8 =0x00000000592eb9f0, R9 =0x0000000059454190, R10=0x0000000060b8c0c0, R11=0x0000000002e35f00
R12=0x0000000000000000, R13=0x0000000059cec390, R14=0x0000000059cec440, R15=0x0000000059054000
RIP=0x0000000002e36002, EFLAGS=0x0000000000010202

Top of Stack: (sp=0x0000000059cec320)
0x0000000059cec320:   0000000059cec6c8 0000000000000006
0x0000000059cec330:   000000005fdea858 000000000292bad9
0x0000000059cec340:   0000000000000001 0000000000000070
0x0000000059cec350:   0000000000000001 00000000eae7be18
0x0000000059cec360:   0000000000000000 00000000146f8348
0x0000000059cec370:   0000000059cec3f8 0000000002817ac0
0x0000000059cec380:   00000000eae84620 0000000002817ac0
0x0000000059cec390:   00000000c06f0450 00000000eae7e7f8
0x0000000059cec3a0:   00000000c06f0090 0000000000000001
0x0000000059cec3b0:   00000000eae84620 0000000059cec3b8
0x0000000059cec3c0:   000000005fdec77c 0000000059cec440
0x0000000059cec3d0:   000000005fdedda0 0000000000000000
0x0000000059cec3e0:   000000005fdec798 0000000059cec390
0x0000000059cec3f0:   0000000059cec408 0000000059cec488
0x0000000059cec400:   0000000002818071 00000000c06f0450
0x0000000059cec410:   00000000eae7e7f8 00000000c06f0090 

Instructions: (pc=0x0000000002e36002)
0x0000000002e35fe2:   08 89 b0 dc 00 00 00 48 b8 d8 c5 de 5f 00 00 00
0x0000000002e35ff2:   00 81 e6 f8 1f 00 00 83 fe 00 0f 84 1d 02 00 00
0x0000000002e36002:   48 3b 07 48 8b c7 48 be 88 7e e2 5f 00 00 00 00
0x0000000002e36012:   8b 40 08 48 3b 86 10 01 00 00 75 0d 48 83 86 18 


Register to memory mapping:

RAX={method} {0x000000005fdec5e0} 'makeUniqueID' '(ILsun/java2d/loops/SurfaceType;Lsun/java2d/loops/CompositeType;Lsun/java2d/loops/SurfaceType;)I' in 'sun/java2d/loops/GraphicsPrimitive'
RBX=0x0000000059cec350 is pointing into the stack for thread: 0x0000000059054000
RCX=0x0000000000000001 is an unknown value
RDX=0x000000005545813b is an unknown value
RSP=0x0000000059cec320 is pointing into the stack for thread: 0x0000000059054000
RBP=0x0000000059cec3f8 is pointing into the stack for thread: 0x0000000059054000
RSI=0x0000000000000008 is an unknown value
RDI=0x09000064f6184f63 is an unknown value
R8 =0x00000000592eb9f0 is an unknown value
R9 =0x0000000059454190 is an unknown value
R10=0x0000000060b8c0c0 is an unknown value
R11=0x0000000002e35f00 is at entry_point+0 in (nmethod*)0x0000000002e35d90
R12=0x0000000000000000 is an unknown value
R13=0x0000000059cec390 is pointing into the stack for thread: 0x0000000059054000
R14=0x0000000059cec440 is pointing into the stack for thread: 0x0000000059054000
R15=0x0000000059054000 is a thread


Stack: [0x0000000059bf0000,0x0000000059cf0000],  sp=0x0000000059cec320,  free space=1008k
Native frames: (J=compiled Java code, j=interpreted, Vv=VM code, C=native code)
C  0x0000000002e36002


---------------  P R O C E S S  ---------------

Java Threads: ( => current thread )
  0x00000000595a5000 JavaThread "AWT-EventQueue-0" [_thread_blocked, id=352, stack(0x000000005fc90000,0x000000005fd90000)]
  0x00000000595a4000 JavaThread "AWT-Windows" daemon [_thread_in_native, id=1220, stack(0x000000005e500000,0x000000005e600000)]
  0x00000000596aa800 JavaThread "AWT-Shutdown" [_thread_blocked, id=4316, stack(0x000000005d1d0000,0x000000005d2d0000)]
  0x000000005969c000 JavaThread "Java2D Disposer" daemon [_thread_blocked, id=5904, stack(0x000000005da80000,0x000000005db80000)]
  0x000000005bbae800 JavaThread "Prism Font Disposer" daemon [_thread_blocked, id=5444, stack(0x000000005cd60000,0x000000005ce60000)]
  0x0000000056a4e800 JavaThread "JavaFX-Launcher" [_thread_blocked, id=5500, stack(0x0000000059e00000,0x0000000059f00000)]
=>0x0000000059054000 JavaThread "Thread-3" [_thread_in_Java, id=3100, stack(0x0000000059bf0000,0x0000000059cf0000)]
  0x0000000056a24800 JavaThread "Thread-2" daemon [_thread_in_native, id=1020, stack(0x00000000598d0000,0x00000000599d0000)]
  0x00000000569fd800 JavaThread "JavaFX Application Thread" [_thread_in_native, id=5796, stack(0x0000000057360000,0x0000000057460000)]
  0x00000000569f4000 JavaThread "Thread-1" daemon [_thread_blocked, id=5776, stack(0x00000000574b0000,0x00000000575b0000)]
  0x00000000569d2800 JavaThread "QuantumRenderer-0" daemon [_thread_blocked, id=5592, stack(0x0000000056d00000,0x0000000056e00000)]
  0x0000000054d88800 JavaThread "Service Thread" daemon [_thread_blocked, id=4440, stack(0x0000000056580000,0x0000000056680000)]
  0x0000000054d7c800 JavaThread "C1 CompilerThread1" daemon [_thread_blocked, id=4712, stack(0x0000000056470000,0x0000000056570000)]
  0x0000000054d78000 JavaThread "C2 CompilerThread0" daemon [_thread_blocked, id=4632, stack(0x0000000056280000,0x0000000056380000)]
  0x0000000054d76000 JavaThread "Attach Listener" daemon [_thread_blocked, id=4964, stack(0x0000000056090000,0x0000000056190000)]
  0x0000000054d75000 JavaThread "Signal Dispatcher" daemon [_thread_blocked, id=544, stack(0x0000000055ea0000,0x0000000055fa0000)]
  0x0000000054d58800 JavaThread "Finalizer" daemon [_thread_blocked, id=1796, stack(0x0000000055c80000,0x0000000055d80000)]
  0x0000000054d15000 JavaThread "Reference Handler" daemon [_thread_blocked, id=3768, stack(0x0000000055a70000,0x0000000055b70000)]
  0x000000000212d800 JavaThread "main" [_thread_blocked, id=5096, stack(0x0000000002440000,0x0000000002540000)]

Other Threads:
  0x0000000054d0d000 VMThread [stack: 0x00000000557d0000,0x00000000558d0000] [id=4812]
  0x0000000054ddd000 WatcherThread [stack: 0x0000000056aa0000,0x0000000056ba0000] [id=3084]

VM state:not at safepoint (normal execution)

VM Mutex/Monitor currently owned by a thread: None

Heap:
 PSYoungGen      total 35328K, used 4595K [0x00000000eab00000, 0x00000000ef000000, 0x0000000100000000)
  eden space 32768K, 14% used [0x00000000eab00000,0x00000000eaf7cc18,0x00000000ecb00000)
  from space 2560K, 0% used [0x00000000ecb00000,0x00000000ecb00000,0x00000000ecd80000)
  to   space 2560K, 0% used [0x00000000eed80000,0x00000000eed80000,0x00000000ef000000)
 ParOldGen       total 40960K, used 9836K [0x00000000c0000000, 0x00000000c2800000, 0x00000000eab00000)
  object space 40960K, 24% used [0x00000000c0000000,0x00000000c099b208,0x00000000c2800000)
 Metaspace       used 23823K, capacity 24444K, committed 24576K, reserved 1071104K
  class space    used 3049K, capacity 3249K, committed 3328K, reserved 1048576K

Card table byte_map: [0x0000000011bd0000,0x0000000011de0000] byte_map_base: 0x00000000115d0000

Marking Bits: (ParMarkBitMap*) 0x0000000060baa6c0
 Begin Bits: [0x00000000121e0000, 0x00000000131e0000)
 End Bits:   [0x00000000131e0000, 0x00000000141e0000)

Polling page: 0x0000000001c60000

CodeCache: size=245760Kb used=6492Kb max_used=6492Kb free=239267Kb
 bounds [0x0000000002810000, 0x0000000002e70000, 0x0000000011810000]
 total_blobs=2787 nmethods=2005 adapters=696
 compilation: enabled

Compilation events (10 events):
Event: 3.542 Thread 0x0000000054d7c800 1938       1       sun.java2d.loops.SurfaceType::getUniqueID (5 bytes)
Event: 3.542 Thread 0x0000000054d7c800 nmethod 1938 0x0000000002e36790 code [0x0000000002e368e0, 0x0000000002e369f0]
Event: 3.542 Thread 0x0000000054d7c800 1939       1       sun.java2d.loops.CompositeType::getUniqueID (5 bytes)
Event: 3.542 Thread 0x0000000054d7c800 nmethod 1939 0x0000000002e364d0 code [0x0000000002e36620, 0x0000000002e36730]
Event: 3.542 Thread 0x0000000054d7c800 1940  s    3       sun.java2d.loops.GraphicsPrimitive::makeUniqueID (26 bytes)
Event: 3.543 Thread 0x0000000054d7c800 nmethod 1940 0x0000000002e35d90 code [0x0000000002e35f00, 0x0000000002e36370]
Event: 3.548 Thread 0x0000000054d7c800 1941       1       java.util.Arrays$ArrayList::get (7 bytes)
Event: 3.548 Thread 0x0000000054d7c800 nmethod 1941 0x0000000002e35a50 code [0x0000000002e35ba0, 0x0000000002e35cd0]
Event: 3.552 Thread 0x0000000054d7c800 1942       3       javafx.scene.Node::updateLocalToParentTransform (442 bytes)
Event: 3.556 Thread 0x0000000054d78000 nmethod 1935 0x0000000002e3f4d0 code [0x0000000002e3f660, 0x0000000002e40848]

GC Heap History (8 events):
Event: 1.205 GC heap before
{Heap before GC invocations=1 (full 0):
 PSYoungGen      total 18944K, used 16384K [0x00000000eab00000, 0x00000000ec000000, 0x0000000100000000)
  eden space 16384K, 100% used [0x00000000eab00000,0x00000000ebb00000,0x00000000ebb00000)
  from space 2560K, 0% used [0x00000000ebd80000,0x00000000ebd80000,0x00000000ec000000)
  to   space 2560K, 0% used [0x00000000ebb00000,0x00000000ebb00000,0x00000000ebd80000)
 ParOldGen       total 44032K, used 0K [0x00000000c0000000, 0x00000000c2b00000, 0x00000000eab00000)
  object space 44032K, 0% used [0x00000000c0000000,0x00000000c0000000,0x00000000c2b00000)
 Metaspace       used 9456K, capacity 9822K, committed 9984K, reserved 1058816K
  class space    used 1098K, capacity 1231K, committed 1280K, reserved 1048576K
Event: 1.229 GC heap after
Heap after GC invocations=1 (full 0):
 PSYoungGen      total 18944K, used 2536K [0x00000000eab00000, 0x00000000ed000000, 0x0000000100000000)
  eden space 16384K, 0% used [0x00000000eab00000,0x00000000eab00000,0x00000000ebb00000)
  from space 2560K, 99% used [0x00000000ebb00000,0x00000000ebd7a100,0x00000000ebd80000)
  to   space 2560K, 0% used [0x00000000ecd80000,0x00000000ecd80000,0x00000000ed000000)
 ParOldGen       total 44032K, used 773K [0x00000000c0000000, 0x00000000c2b00000, 0x00000000eab00000)
  object space 44032K, 1% used [0x00000000c0000000,0x00000000c00c16a8,0x00000000c2b00000)
 Metaspace       used 9456K, capacity 9822K, committed 9984K, reserved 1058816K
  class space    used 1098K, capacity 1231K, committed 1280K, reserved 1048576K
}
Event: 2.457 GC heap before
{Heap before GC invocations=2 (full 0):
 PSYoungGen      total 18944K, used 18920K [0x00000000eab00000, 0x00000000ed000000, 0x0000000100000000)
  eden space 16384K, 100% used [0x00000000eab00000,0x00000000ebb00000,0x00000000ebb00000)
  from space 2560K, 99% used [0x00000000ebb00000,0x00000000ebd7a100,0x00000000ebd80000)
  to   space 2560K, 0% used [0x00000000ecd80000,0x00000000ecd80000,0x00000000ed000000)
 ParOldGen       total 44032K, used 773K [0x00000000c0000000, 0x00000000c2b00000, 0x00000000eab00000)
  object space 44032K, 1% used [0x00000000c0000000,0x00000000c00c16a8,0x00000000c2b00000)
 Metaspace       used 15838K, capacity 16252K, committed 16512K, reserved 1062912K
  class space    used 1962K, capacity 2109K, committed 2176K, reserved 1048576K
Event: 2.471 GC heap after
Heap after GC invocations=2 (full 0):
 PSYoungGen      total 35328K, used 2544K [0x00000000eab00000, 0x00000000ed000000, 0x0000000100000000)
  eden space 32768K, 0% used [0x00000000eab00000,0x00000000eab00000,0x00000000ecb00000)
  from space 2560K, 99% used [0x00000000ecd80000,0x00000000ecffc030,0x00000000ed000000)
  to   space 2560K, 0% used [0x00000000ecb00000,0x00000000ecb00000,0x00000000ecd80000)
 ParOldGen       total 44032K, used 4564K [0x00000000c0000000, 0x00000000c2b00000, 0x00000000eab00000)
  object space 44032K, 10% used [0x00000000c0000000,0x00000000c04753b0,0x00000000c2b00000)
 Metaspace       used 15838K, capacity 16252K, committed 16512K, reserved 1062912K
  class space    used 1962K, capacity 2109K, committed 2176K, reserved 1048576K
}
Event: 3.078 GC heap before
{Heap before GC invocations=3 (full 0):
 PSYoungGen      total 35328K, used 19126K [0x00000000eab00000, 0x00000000ed000000, 0x0000000100000000)
  eden space 32768K, 50% used [0x00000000eab00000,0x00000000ebb31bc8,0x00000000ecb00000)
  from space 2560K, 99% used [0x00000000ecd80000,0x00000000ecffc030,0x00000000ed000000)
  to   space 2560K, 0% used [0x00000000ecb00000,0x00000000ecb00000,0x00000000ecd80000)
 ParOldGen       total 44032K, used 4564K [0x00000000c0000000, 0x00000000c2b00000, 0x00000000eab00000)
  object space 44032K, 10% used [0x00000000c0000000,0x00000000c04753b0,0x00000000c2b00000)
 Metaspace       used 20618K, capacity 21160K, committed 21248K, reserved 1067008K
  class space    used 2587K, capacity 2761K, committed 2816K, reserved 1048576K
Event: 3.090 GC heap after
Heap after GC invocations=3 (full 0):
 PSYoungGen      total 35328K, used 2552K [0x00000000eab00000, 0x00000000ef000000, 0x0000000100000000)
  eden space 32768K, 0% used [0x00000000eab00000,0x00000000eab00000,0x00000000ecb00000)
  from space 2560K, 99% used [0x00000000ecb00000,0x00000000ecd7e040,0x00000000ecd80000)
  to   space 2560K, 0% used [0x00000000eed80000,0x00000000eed80000,0x00000000ef000000)
 ParOldGen       total 44032K, used 8207K [0x00000000c0000000, 0x00000000c2b00000, 0x00000000eab00000)
  object space 44032K, 18% used [0x00000000c0000000,0x00000000c0803d70,0x00000000c2b00000)
 Metaspace       used 20618K, capacity 21160K, committed 21248K, reserved 1067008K
  class space    used 2587K, capacity 2761K, committed 2816K, reserved 1048576K
}
Event: 3.090 GC heap before
{Heap before GC invocations=4 (full 1):
 PSYoungGen      total 35328K, used 2552K [0x00000000eab00000, 0x00000000ef000000, 0x0000000100000000)
  eden space 32768K, 0% used [0x00000000eab00000,0x00000000eab00000,0x00000000ecb00000)
  from space 2560K, 99% used [0x00000000ecb00000,0x00000000ecd7e040,0x00000000ecd80000)
  to   space 2560K, 0% used [0x00000000eed80000,0x00000000eed80000,0x00000000ef000000)
 ParOldGen       total 44032K, used 8207K [0x00000000c0000000, 0x00000000c2b00000, 0x00000000eab00000)
  object space 44032K, 18% used [0x00000000c0000000,0x00000000c0803d70,0x00000000c2b00000)
 Metaspace       used 20618K, capacity 21160K, committed 21248K, reserved 1067008K
  class space    used 2587K, capacity 2761K, committed 2816K, reserved 1048576K
Event: 3.158 GC heap after
Heap after GC invocations=4 (full 1):
 PSYoungGen      total 35328K, used 0K [0x00000000eab00000, 0x00000000ef000000, 0x0000000100000000)
  eden space 32768K, 0% used [0x00000000eab00000,0x00000000eab00000,0x00000000ecb00000)
  from space 2560K, 0% used [0x00000000ecb00000,0x00000000ecb00000,0x00000000ecd80000)
  to   space 2560K, 0% used [0x00000000eed80000,0x00000000eed80000,0x00000000ef000000)
 ParOldGen       total 40960K, used 9836K [0x00000000c0000000, 0x00000000c2800000, 0x00000000eab00000)
  object space 40960K, 24% used [0x00000000c0000000,0x00000000c099b208,0x00000000c2800000)
 Metaspace       used 20618K, capacity 21160K, committed 21248K, reserved 1067008K
  class space    used 2587K, capacity 2761K, committed 2816K, reserved 1048576K
}

Deoptimization events (10 events):
Event: 2.961 Thread 0x00000000569fd800 Uncommon trap: reason=class_check action=maybe_recompile pc=0x000000000292ce20 method=java.lang.String.equals(Ljava/lang/Object;)Z @ 8
Event: 2.963 Thread 0x00000000569fd800 Uncommon trap: reason=class_check action=maybe_recompile pc=0x000000000292ce20 method=java.lang.String.equals(Ljava/lang/Object;)Z @ 8
Event: 3.037 Thread 0x00000000569fd800 Uncommon trap: reason=bimorphic action=maybe_recompile pc=0x0000000002bc7320 method=java.io.DataInputStream.readChar()C @ 4
Event: 3.037 Thread 0x00000000569fd800 Uncommon trap: reason=bimorphic action=maybe_recompile pc=0x0000000002bc7320 method=java.io.DataInputStream.readChar()C @ 4
Event: 3.037 Thread 0x00000000569fd800 Uncommon trap: reason=bimorphic action=maybe_recompile pc=0x0000000002bc7320 method=java.io.DataInputStream.readChar()C @ 4
Event: 3.037 Thread 0x00000000569fd800 Uncommon trap: reason=bimorphic action=maybe_recompile pc=0x0000000002bc7320 method=java.io.DataInputStream.readChar()C @ 4
Event: 3.052 Thread 0x00000000569fd800 Uncommon trap: reason=unstable_if action=reinterpret pc=0x00000000029f1b00 method=java.lang.CharacterData.of(I)Ljava/lang/CharacterData; @ 4
Event: 3.203 Thread 0x0000000059054000 Uncommon trap: reason=unstable_if action=reinterpret pc=0x0000000002bee884 method=java.util.HashMap.hash(Ljava/lang/Object;)I @ 1
Event: 3.204 Thread 0x0000000059054000 Uncommon trap: reason=unstable_if action=reinterpret pc=0x0000000002c0e28c method=java.util.HashMap.hash(Ljava/lang/Object;)I @ 1
Event: 3.204 Thread 0x0000000059054000 Uncommon trap: reason=unstable_if action=reinterpret pc=0x0000000002a21724 method=java.util.HashMap.hash(Ljava/lang/Object;)I @ 1

Internal exceptions (10 events):
Event: 1.780 Thread 0x00000000569fd800 Exception <a 'java/lang/ArrayIndexOutOfBoundsException'> (0x00000000eb516a30) thrown at [C:\re\workspace\8-2-build-windows-amd64-cygwin\jdk8u111\7883\hotspot\src\share\vm\runtime\sharedRuntime.cpp, line 605]
Event: 1.780 Thread 0x00000000569fd800 Exception <a 'java/lang/ArrayIndexOutOfBoundsException'> (0x00000000eb517dd8) thrown at [C:\re\workspace\8-2-build-windows-amd64-cygwin\jdk8u111\7883\hotspot\src\share\vm\runtime\sharedRuntime.cpp, line 605]
Event: 2.501 Thread 0x00000000569fd800 Exception <a 'java/lang/ArrayIndexOutOfBoundsException'> (0x00000000eab494a0) thrown at [C:\re\workspace\8-2-build-windows-amd64-cygwin\jdk8u111\7883\hotspot\src\share\vm\runtime\sharedRuntime.cpp, line 605]
Event: 2.623 Thread 0x00000000569fd800 Exception <a 'java/lang/ArrayIndexOutOfBoundsException': 57> (0x00000000ead18e18) thrown at [C:\re\workspace\8-2-build-windows-amd64-cygwin\jdk8u111\7883\hotspot\src\share\vm\interpreter\interpreterRuntime.cpp, line 366]
Event: 2.852 Thread 0x0000000059054000 Implicit null exception at 0x0000000002ce8858 to 0x0000000002ce89e1
Event: 2.996 Thread 0x0000000059054000 Exception <a 'java/io/FileNotFoundException'> (0x00000000eb9e8968) thrown at [C:\re\workspace\8-2-build-windows-amd64-cygwin\jdk8u111\7883\hotspot\src\share\vm\prims\jni.cpp, line 709]
Event: 3.171 Thread 0x0000000059054000 Exception <a 'java/io/FileNotFoundException'> (0x00000000eabe9a88) thrown at [C:\re\workspace\8-2-build-windows-amd64-cygwin\jdk8u111\7883\hotspot\src\share\vm\prims\jni.cpp, line 709]
Event: 3.203 Thread 0x0000000059054000 Implicit null exception at 0x0000000002bee665 to 0x0000000002bee875
Event: 3.203 Thread 0x0000000059054000 Implicit null exception at 0x0000000002c0dc0b to 0x0000000002c0e279
Event: 3.204 Thread 0x0000000059054000 Implicit null exception at 0x0000000002a216af to 0x0000000002a21715

Events (10 events):
Event: 3.549 loading class javafx/scene/input/PickResult
Event: 3.549 loading class javafx/scene/input/PickResult done
Event: 3.550 loading class com/sun/javafx/scene/input/InputEventUtils
Event: 3.550 loading class com/sun/javafx/scene/input/InputEventUtils done
Event: 3.551 loading class java/util/EnumMap$Values
Event: 3.551 loading class java/util/EnumMap$Values done
Event: 3.551 loading class java/util/EnumMap$ValueIterator
Event: 3.552 loading class java/util/EnumMap$EnumMapIterator
Event: 3.552 loading class java/util/EnumMap$EnumMapIterator done
Event: 3.552 loading class java/util/EnumMap$ValueIterator done


Dynamic libraries:
0x000000013f610000 - 0x000000013f647000 	C:\Program Files\Java\jdk1.8.0_111\jre\bin\java.exe
0x0000000077bb0000 - 0x0000000077d4f000 	C:\Windows\SYSTEM32\ntdll.dll
0x0000000077a90000 - 0x0000000077baf000 	C:\Windows\system32\kernel32.dll
0x000007fefda40000 - 0x000007fefdaaa000 	C:\Windows\system32\KERNELBASE.dll
0x000007fefdf60000 - 0x000007fefe03b000 	C:\Windows\system32\ADVAPI32.dll
0x000007feff940000 - 0x000007feff9df000 	C:\Windows\system32\msvcrt.dll
0x000007feff090000 - 0x000007feff0af000 	C:\Windows\SYSTEM32\sechost.dll
0x000007feff1e0000 - 0x000007feff30d000 	C:\Windows\system32\RPCRT4.dll
0x0000000077990000 - 0x0000000077a8a000 	C:\Windows\system32\USER32.dll
0x000007fefefd0000 - 0x000007feff037000 	C:\Windows\system32\GDI32.dll
0x000007feffcb0000 - 0x000007feffcbe000 	C:\Windows\system32\LPK.dll
0x000007feff0b0000 - 0x000007feff17b000 	C:\Windows\system32\USP10.dll
0x000007fefc400000 - 0x000007fefc5f4000 	C:\Windows\WinSxS\amd64_microsoft.windows.common-controls_6595b64144ccf1df_6.0.7601.18837_none_fa3b1e3d17594757\COMCTL32.dll
0x000007fefdc40000 - 0x000007fefdcb1000 	C:\Windows\system32\SHLWAPI.dll
0x000007feff040000 - 0x000007feff06e000 	C:\Windows\system32\IMM32.DLL
0x000007fefe040000 - 0x000007fefe149000 	C:\Windows\system32\MSCTF.dll
0x0000000061d40000 - 0x0000000061e12000 	C:\Program Files\Java\jdk1.8.0_111\jre\bin\msvcr100.dll
0x0000000060390000 - 0x0000000060c2a000 	C:\Program Files\Java\jdk1.8.0_111\jre\bin\server\jvm.dll
0x000007fef9940000 - 0x000007fef9949000 	C:\Windows\system32\WSOCK32.dll
0x000007fefe150000 - 0x000007fefe19d000 	C:\Windows\system32\WS2_32.dll
0x000007feff8b0000 - 0x000007feff8b8000 	C:\Windows\system32\NSI.dll
0x000007fefb320000 - 0x000007fefb35b000 	C:\Windows\system32\WINMM.dll
0x000007fefc8f0000 - 0x000007fefc8fc000 	C:\Windows\system32\VERSION.dll
0x0000000077d60000 - 0x0000000077d67000 	C:\Windows\system32\PSAPI.DLL
0x000000006c680000 - 0x000000006c68f000 	C:\Program Files\Java\jdk1.8.0_111\jre\bin\verify.dll
0x000000006c650000 - 0x000000006c679000 	C:\Program Files\Java\jdk1.8.0_111\jre\bin\java.dll
0x000000006c630000 - 0x000000006c646000 	C:\Program Files\Java\jdk1.8.0_111\jre\bin\zip.dll
0x000007fefe240000 - 0x000007fefefcb000 	C:\Windows\system32\SHELL32.dll
0x000007fefdcc0000 - 0x000007fefdebd000 	C:\Windows\system32\ole32.dll
0x000007fefd890000 - 0x000007fefd89f000 	C:\Windows\system32\profapi.dll
0x000007fedecf0000 - 0x000007fededdf000 	C:\Program Files\Java\jdk1.8.0_111\jre\bin\msvcr120.dll
0x000007fedec40000 - 0x000007fedece6000 	C:\Program Files\Java\jdk1.8.0_111\jre\bin\msvcp120.dll
0x000000006c360000 - 0x000000006c382000 	C:\Program Files\Java\jdk1.8.0_111\jre\bin\prism_d3d.dll
0x000007fef3920000 - 0x000007fef3b1f000 	C:\Windows\system32\d3d9.dll
0x000007fef38a0000 - 0x000007fef38a7000 	C:\Windows\system32\d3d8thk.dll
0x000007fefc900000 - 0x000007fefc918000 	C:\Windows\system32\dwmapi.dll
0x000007fefc220000 - 0x000007fefc276000 	C:\Windows\system32\uxtheme.dll
0x000007fef69a0000 - 0x000007fef6b11000 	C:\Windows\system32\aticfx64.dll
0x000007fee35f0000 - 0x000007fee3611000 	C:\Windows\system32\atiu9p64.dll
0x000007fee2b70000 - 0x000007fee35ef000 	C:\Windows\system32\atiumd64.dll
0x0000000061110000 - 0x00000000619b4000 	C:\Windows\system32\atiumd6a.dll
0x000007fefc9e0000 - 0x000007fefca0c000 	C:\Windows\system32\POWRPROF.dll
0x000007feffcc0000 - 0x000007feffe97000 	C:\Windows\system32\SETUPAPI.dll
0x000007fefdb90000 - 0x000007fefdbc6000 	C:\Windows\system32\CFGMGR32.dll
0x000007feff4a0000 - 0x000007feff57a000 	C:\Windows\system32\OLEAUT32.dll
0x000007fefdc10000 - 0x000007fefdc2a000 	C:\Windows\system32\DEVOBJ.dll
0x000000006c310000 - 0x000000006c353000 	C:\Program Files\Java\jdk1.8.0_111\jre\bin\glass.dll
0x000007fefdec0000 - 0x000007fefdf57000 	C:\Windows\system32\COMDLG32.dll
0x000007fefd720000 - 0x000007fefd72f000 	C:\Windows\system32\CRYPTBASE.dll
0x0000000180000000 - 0x0000000180025000 	C:\Windows\System32\rxtxSerial.dll
0x000000006c610000 - 0x000000006c62a000 	C:\Program Files\Java\jdk1.8.0_111\jre\bin\net.dll
0x000007fefd050000 - 0x000007fefd0a5000 	C:\Windows\system32\mswsock.dll
0x000007fefd040000 - 0x000007fefd047000 	C:\Windows\System32\wship6.dll
0x000007fefca30000 - 0x000007fefca37000 	C:\Windows\System32\wshtcpip.dll
0x000007fefced0000 - 0x000007fefcf2b000 	C:\Windows\system32\DNSAPI.dll
0x0000000072770000 - 0x0000000072796000 	C:\Program Files\Bonjour\mdnsNSP.dll
0x000007fefae90000 - 0x000007fefaeb7000 	C:\Windows\system32\Iphlpapi.DLL
0x000007fefae80000 - 0x000007fefae8b000 	C:\Windows\system32\WINNSI.DLL
0x000007fef7f90000 - 0x000007fef7f98000 	C:\Windows\system32\rasadhlp.dll
0x000007fefad50000 - 0x000007fefada3000 	C:\Windows\System32\fwpuclnt.dll
0x000000006c700000 - 0x000000006c714000 	C:\Program Files\Java\jdk1.8.0_111\jre\bin\javafx_font.dll
0x000007fee79f0000 - 0x000007fee7b87000 	C:\Windows\system32\dwrite.dll
0x000007fefd0b0000 - 0x000007fefd0c8000 	C:\Windows\system32\CRYPTSP.dll
0x000007fefcdb0000 - 0x000007fefcdf7000 	C:\Windows\system32\rsaenh.dll
0x000007fefdac0000 - 0x000007fefdade000 	C:\Windows\system32\USERENV.dll
0x000007fefacd0000 - 0x000007feface1000 	C:\Windows\system32\dhcpcsvc6.DLL
0x000007fefacb0000 - 0x000007fefacc8000 	C:\Windows\system32\dhcpcsvc.DLL
0x000000006c5f0000 - 0x000000006c601000 	C:\Program Files\Java\jdk1.8.0_111\jre\bin\nio.dll
0x0000000011fb0000 - 0x0000000011fd4000 	C:\Program Files\Java\jdk1.8.0_111\jre\bin\sunec.dll
0x0000000002430000 - 0x000000000243b000 	C:\Program Files\Java\jdk1.8.0_111\jre\bin\sunmscapi.dll
0x000007fefd8a0000 - 0x000007fefda0d000 	C:\Windows\system32\CRYPT32.dll
0x000007fefd880000 - 0x000007fefd88f000 	C:\Windows\system32\MSASN1.dll
0x000007fefe1a0000 - 0x000007fefe239000 	C:\Windows\system32\CLBCatQ.DLL
0x000007fefb830000 - 0x000007fefb991000 	C:\Windows\system32\WindowsCodecs.dll
0x000007fefd6c0000 - 0x000007fefd717000 	C:\Windows\system32\apphelp.dll
0x000007fef5980000 - 0x000007fef59b5000 	C:\Windows\system32\EhStorShell.dll
0x000007fefc280000 - 0x000007fefc3ac000 	C:\Windows\system32\PROPSYS.dll
0x000007fef5900000 - 0x000007fef597e000 	C:\Windows\System32\cscui.dll
0x000007fef6b20000 - 0x000007fef6b2c000 	C:\Windows\System32\CSCDLL.dll
0x000007fef6b30000 - 0x000007fef6b3f000 	C:\Windows\system32\CSCAPI.dll
0x000007fef5870000 - 0x000007fef58f0000 	C:\Windows\system32\ntshrui.dll
0x000007fefd5b0000 - 0x000007fefd5d3000 	C:\Windows\system32\srvcli.dll
0x000007fefb250000 - 0x000007fefb25b000 	C:\Windows\system32\slc.dll
0x000007fefa910000 - 0x000007fefa93d000 	C:\Program Files\Common Files\Microsoft Shared\Ink\rtscom.dll
0x000007fefb270000 - 0x000007fefb285000 	C:\Windows\system32\NLAapi.dll
0x000007fef7910000 - 0x000007fef7925000 	C:\Windows\system32\napinsp.dll
0x000007fef78f0000 - 0x000007fef7909000 	C:\Windows\system32\pnrpnsp.dll
0x000007fef78e0000 - 0x000007fef78eb000 	C:\Windows\System32\winrnr.dll
0x0000000061ba0000 - 0x0000000061d38000 	C:\Program Files\Java\jdk1.8.0_111\jre\bin\awt.dll
0x000000006c5a0000 - 0x000000006c5e7000 	C:\Program Files\Java\jdk1.8.0_111\jre\bin\fontmanager.dll
0x000007fed8560000 - 0x000007fed8924000 	C:\Windows\system32\d2d1.dll
0x000007fef6ed0000 - 0x000007fef70a5000 	C:\Windows\system32\d3d11.dll
0x000007fef70b0000 - 0x000007fef710d000 	C:\Windows\system32\dxgi.dll
0x000007feddde0000 - 0x000007fede059000 	C:\Windows\system32\D3D10Warp.dll
0x000007fefdbd0000 - 0x000007fefdc0b000 	C:\Windows\system32\WINTRUST.dll
0x000000006c3c0000 - 0x000000006c402000 	C:\Program Files\Java\jdk1.8.0_111\jre\bin\t2k.dll
0x000007fef55b0000 - 0x000007fef56d5000 	C:\Windows\system32\dbghelp.dll

VM Arguments:
jvm_args: -Dfile.encoding=UTF-8 
java_command: C:\Users\Pedro\Documents\NetBeansProjects\Academia Master\dist\run1692958880\SistemaAcademiaFXML.jar
java_class_path (initial): C:\Users\Pedro\Documents\NetBeansProjects\Academia Master\dist\run1692958880\SistemaAcademiaFXML.jar
Launcher Type: SUN_STANDARD

Environment Variables:
PATH=C:\Program Files (x86)\NVIDIA Corporation\PhysX\Common;C:\ProgramData\Oracle\Java\javapath;C:\Windows\system32;C:\Windows;C:\Windows\System32\Wbem;C:\Windows\System32\WindowsPowerShell\v1.0\;C:\Program Files (x86)\AMD\ATI.ACE\Core-Static
USERNAME=Pedro
OS=Windows_NT
PROCESSOR_IDENTIFIER=Intel64 Family 6 Model 23 Stepping 10, GenuineIntel



---------------  S Y S T E M  ---------------

OS: Windows 7 , 64 bit Build 7601 (6.1.7601.24168)

CPU:total 2 (2 cores per cpu, 1 threads per core) family 6 model 23 stepping 10, cmov, cx8, fxsr, mmx, sse, sse2, sse3, ssse3, tsc

Memory: 4k page, physical 4193528k(1442132k free), swap 8192956k(4462116k free)

vm_info: Java HotSpot(TM) 64-Bit Server VM (25.111-b14) for windows-amd64 JRE (1.8.0_111-b14), built on Sep 22 2016 19:24:05 by "java_re" with MS VC++ 10.0 (VS2010)

time: Sun Nov 18 16:08:16 2018
elapsed time: 3 seconds (0d 0h 0m 3s)

